==================================================
RSS News Aggregator
Started: 2026-02-02 18:00:01
==================================================

Fetching 75 feeds...

  [OK] Budget 2026: Latest News, Budget Highlights and Expectations for FY 2026-27 | The Hindu: 100 articles
  [OK] BFSI News- Latest Banking, Financial Services and Insurance News | ET BFSI : ETBFSI.com: 20 articles
  [OK] BFSI News- Latest Banking, Financial Services and Insurance News | ET BFSI : ETBFSI.com: 20 articles
  [OK] Business News Today, Latest Finance News | The Hindu: 100 articles
  [OK] Business Standard Number Wise: 20 articles
  [OK] Company News: Companies Analysis, Updates & Insights | The HinduBusinessLine: 100 articles
  [OK] BBC News: 62 articles
  [OK] Company news: Company Earning news, Company Strategy, Financial Data and analysis: 50 articles
  [OK] ADB.org Publications RSS: 10 articles
  [OK] Business News: 30 articles
  [OK] ADB.org Features RSS: 30 articles
  [OK] ECB - European Central Bank: 15 articles
  [OK] downtoearth: 20 articles
  [OK] ECB - European Central Bank: 15 articles
  [OK] Economic Times: 76 articles
  [OK] Economic Times - Industry: 50 articles
  [OK] ECB - European Central Bank: 15 articles
  [OK] Economy-News-Economic Times: 50 articles
  [OK] Economic Times - BFSI: 20 articles
  [OK] Economy news, Latest Economic News, GDP, World Economy, Indian Economy | The Hindu: 100 articles
  [OK] Economy News, Latest Economic News Today | The HinduBusinessLine: 100 articles
  [OK] ECB - European Central Bank: 15 articles
  [OK] Economy News, Indian Economy News and Latest Updates: 50 articles
  [OK] ET Now: Latest Business News, Finance News, Today's Business News and Updates: 100 articles
  [OK] Economy: 30 articles
  [OK] HinduBusinessLine - All: 100 articles
  [OK] ECB - European Central Bank: 15 articles
  [OK] ECB - European Central Bank: 15 articles
  [OK] India Dispatch: 20 articles
  [OK] Finance & economics: 300 articles
  [OK] Industry News, Company News, Manufacturing News, Service Sector | The Hindu: 100 articles
  [OK] Finance-Economy-News-Economic Times: 50 articles
  [OK] Energy: 30 articles
  [OK] Latest Business News, Business News India Today | The HinduBusinessLine: 100 articles
  [OK] Latest BL Data Stories News, Business, Economic Data Stories - BusinessLine | The HinduBusinessLine: 100 articles
  [OK] Latest Macro Economy News & Updates  | The HinduBusinessLine: 100 articles
  [OK] Latest Money & Banking, Financial News Today - news | The HinduBusinessLine: 100 articles
  [OK] Latest Infrastructure News and Updates | ET Now: 50 articles
  [OK] Latest News on Economy Policy, Government, Trade Policy  | The HinduBusinessLine: 100 articles
  [OK] Latest Share Market News, Sensex, Nifty, BSE, NSE Today | The HinduBusinessLine: 100 articles
  [OK] Market News: Latest Market Updates, Top Stories, and Live Indian and Global Market Coverage on ET Now: 50 articles
  [OK] mint - budget: 35 articles
  [OK] mint - industry: 35 articles
  [OK] mint - companies: 35 articles
  [OK] mint - money: 35 articles
  [OK] Global economy | The Guardian: 20 articles
  [OK] mint - markets: 35 articles
  [OK] mint - news: 35 articles
  [OK] Mutual Funds in India: Mutual Funds News, Mutual Fund Investment, SIP, Best and Top Mutual Funds | ET Now: 50 articles
  [OK] Opinion, Editorial, Views, Columnists, Columns | The HinduBusinessLine: 100 articles
  [OK] mint - opinion: 35 articles
  [OK] https://www.adb.org/: 20 articles
  [OK] Stock Market Today: Sensex, Nifty, BSE, NSE Latest Updates | The Hindu: 100 articles
  [OK] Rest of World -: 12 articles
  [OK] The Hindu - All: 100 articles
  [OK] Asia News: 30 articles
  [OK] Top BFSI News- Latest Banking, Financial Services and Insurance News | ET BFSI : ETBFSI.com: 10 articles
  [OK] A Wealth of Common Sense: 10 articles
  [OK] This Week In Data: 20 articles
  [OK] SEBI RSS Feed: 30 articles
  [OK] BusinessLine Editorial Opinion & Analyses | The HinduBusinessLine: 100 articles
  [OK] mint - insurance: 35 articles
  [OK] Musings on Markets: 20 articles
  [OK] Our World in Data: 10 articles
  [OK] https://www.adb.org/: 10 articles
  [OK] Company-News-Economic Times: 50 articles
  [OK] FRED Blog: 10 articles
  [OK] News Live Today - Read Latest News, Breaking News and Top News Headlines Today Online | ET Now: 50 articles
  [OK] By the Numbers: 20 articles
  [OK] PIB India: 15 articles
  [OK] PRESS RELEASES FROM RBI: 10 articles
  [OK] Our World in Data - Data Insights: 20 articles
  [OK] Data For India: 15 articles
  [OK] Fundoo Professor: 10 articles
  [OK] Techmeme: 15 articles

Total articles collected: 3665
After removing duplicates: 3283
After content filtering: 3209 (74 filtered out)

Generated: /home/kashish.kapoor/rss-aggregator/index.html
Total articles: 2267

Done!
==================================================
==================================================
RSS News Aggregator
Started: 2026-02-02 21:00:01
==================================================

Fetching 75 feeds...

  [OK] Business News Today, Latest Finance News | The Hindu: 100 articles
  [OK] BFSI News- Latest Banking, Financial Services and Insurance News | ET BFSI : ETBFSI.com: 20 articles
  [OK] BFSI News- Latest Banking, Financial Services and Insurance News | ET BFSI : ETBFSI.com: 20 articles
  [OK] Budget 2026: Latest News, Budget Highlights and Expectations for FY 2026-27 | The Hindu: 100 articles
  [OK] Business Standard Number Wise: 20 articles
  [OK] Company News: Companies Analysis, Updates & Insights | The HinduBusinessLine: 100 articles
  [OK] BBC News: 62 articles
  [OK] Company news: Company Earning news, Company Strategy, Financial Data and analysis: 50 articles
  [OK] Business News: 30 articles
  [OK] ECB - European Central Bank: 15 articles
  [OK] ADB.org Publications RSS: 10 articles
  [OK] ADB.org Features RSS: 30 articles
  [OK] Economic Times: 76 articles
  [OK] Economic Times - Industry: 50 articles
  [OK] ECB - European Central Bank: 15 articles
  [OK] ECB - European Central Bank: 15 articles
  [OK] Economic Times - BFSI: 20 articles
  [OK] downtoearth: 20 articles
  [OK] Economy news, Latest Economic News, GDP, World Economy, Indian Economy | The Hindu: 100 articles
  [OK] ECB - European Central Bank: 15 articles
  [OK] Economy-News-Economic Times: 50 articles
  [OK] Economy News, Latest Economic News Today | The HinduBusinessLine: 100 articles
  [OK] Finance-Economy-News-Economic Times: 50 articles
  [OK] ECB - European Central Bank: 15 articles
  [OK] Economy: 30 articles
  [OK] ECB - European Central Bank: 15 articles
  [OK] Finance & economics: 300 articles
  [OK] Economy News, Indian Economy News and Latest Updates: 50 articles
  [OK] HinduBusinessLine - All: 100 articles
  [OK] Latest BL Data Stories News, Business, Economic Data Stories - BusinessLine | The HinduBusinessLine: 100 articles
  [OK] Industry News, Company News, Manufacturing News, Service Sector | The Hindu: 100 articles
  [OK] ET Now: Latest Business News, Finance News, Today's Business News and Updates: 100 articles
  [OK] India Dispatch: 20 articles
  [OK] Latest Business News, Business News India Today | The HinduBusinessLine: 100 articles
  [OK] Latest Macro Economy News & Updates  | The HinduBusinessLine: 100 articles
  [OK] Latest Money & Banking, Financial News Today - news | The HinduBusinessLine: 100 articles
  [OK] Latest News on Economy Policy, Government, Trade Policy  | The HinduBusinessLine: 100 articles
  [OK] Latest Share Market News, Sensex, Nifty, BSE, NSE Today | The HinduBusinessLine: 100 articles
  [OK] Asia News: 30 articles
  [OK] mint - budget: 35 articles
  [OK] Latest Infrastructure News and Updates | ET Now: 50 articles
  [OK] mint - companies: 35 articles
  [OK] mint - industry: 35 articles
  [OK] mint - markets: 35 articles
  [OK] Global economy | The Guardian: 20 articles
  [OK] mint - money: 35 articles
  [OK] mint - news: 35 articles
  [OK] mint - opinion: 35 articles
  [OK] https://www.adb.org/: 20 articles
  [OK] Opinion, Editorial, Views, Columnists, Columns | The HinduBusinessLine: 100 articles
  [OK] Market News: Latest Market Updates, Top Stories, and Live Indian and Global Market Coverage on ET Now: 50 articles
  [OK] Stock Market Today: Sensex, Nifty, BSE, NSE Latest Updates | The Hindu: 100 articles
  [OK] The Hindu - All: 100 articles
  [OK] PIB India: 15 articles
  [OK] Top BFSI News- Latest Banking, Financial Services and Insurance News | ET BFSI : ETBFSI.com: 10 articles
  [OK] News Live Today - Read Latest News, Breaking News and Top News Headlines Today Online | ET Now: 50 articles
  [OK] SEBI RSS Feed: 30 articles
  [OK] Rest of World -: 12 articles
  [OK] This Week In Data: 20 articles
  [OK] A Wealth of Common Sense: 10 articles
  [OK] BusinessLine Editorial Opinion & Analyses | The HinduBusinessLine: 100 articles
  [OK] Musings on Markets: 20 articles
  [OK] Mutual Funds in India: Mutual Funds News, Mutual Fund Investment, SIP, Best and Top Mutual Funds | ET Now: 50 articles
  [OK] mint - insurance: 35 articles
  [OK] Company-News-Economic Times: 50 articles
  [OK] Our World in Data: 10 articles
  [OK] https://www.adb.org/: 10 articles
  [OK] Our World in Data - Data Insights: 20 articles
  [OK] By the Numbers: 20 articles
  [OK] Energy: 30 articles
  [OK] PRESS RELEASES FROM RBI: 10 articles
  [OK] Fundoo Professor: 10 articles
  [OK] Data For India: 15 articles
  [OK] FRED Blog: 10 articles
  [OK] Techmeme: 15 articles

Total articles collected: 3665
After removing duplicates: 3282
After content filtering: 3214 (68 filtered out)

Generated: /home/kashish.kapoor/rss-aggregator/index.html
Total articles: 2266

Done!
==================================================
